

*******************************************************************************
Sun Nov 20 18:41:33 2016


FIT:    data read from "Lyapunov_Chevere.txt"
        format = z
        #datapoints = 100000
        residuals are weighted equally (unit weight)

function used for fitting: f(x)
	f(x) = a*exp(b*x)
fitted parameters initialized with current variable values

iter      chisq       delta/lim  lambda   a             b            
   0 1.1305061805e+05   0.00e+00  1.55e+00    1.000000e+00   1.000000e+00
  20 2.2747544163e+03  -4.96e-04  1.55e-02    7.519504e-02   3.563262e+00

After 20 iterations the fit converged.
final sum of squares of residuals : 2274.75
rel. change during last iteration : -4.95826e-09

degrees of freedom    (FIT_NDF)                        : 99998
rms of residuals      (FIT_STDFIT) = sqrt(WSSR/ndf)    : 0.150824
variance of residuals (reduced chisquare) = WSSR/ndf   : 0.022748

Final set of parameters            Asymptotic Standard Error
=======================            ==========================
a               = 0.075195         +/- 0.0002287    (0.3042%)
b               = 3.56326          +/- 0.003485     (0.0978%)

correlation matrix of the fit parameters:
                a      b      
a               1.000 
b              -0.987  1.000 


*******************************************************************************
Sun Nov 20 18:42:37 2016


FIT:    data read from "Lyapunov_Chevere.txt"
        format = z
        #datapoints = 100000
        residuals are weighted equally (unit weight)

function used for fitting: f(x)
	f(x) = a*exp(b*x) + c
fitted parameters initialized with current variable values

iter      chisq       delta/lim  lambda   a             b             c            
   0 1.0824097484e+05   0.00e+00  1.96e+00    7.519504e-02   3.563262e+00   1.000000e+00
   5 1.5637341694e+03  -1.75e-04  1.96e+00    1.995757e-01   2.646356e+00  -2.945982e-01

After 5 iterations the fit converged.
final sum of squares of residuals : 1563.73
rel. change during last iteration : -1.75097e-09

degrees of freedom    (FIT_NDF)                        : 99997
rms of residuals      (FIT_STDFIT) = sqrt(WSSR/ndf)    : 0.125051
variance of residuals (reduced chisquare) = WSSR/ndf   : 0.0156378

Final set of parameters            Asymptotic Standard Error
=======================            ==========================
a               = 0.199576         +/- 0.001036     (0.5192%)
b               = 2.64636          +/- 0.004957     (0.1873%)
c               = -0.294598        +/- 0.001807     (0.6134%)

correlation matrix of the fit parameters:
                a      b      c      
a               1.000 
b              -0.994  1.000 
c              -0.955  0.928  1.000 


*******************************************************************************
Sun Nov 20 18:50:13 2016


FIT:    data read from "Lyapunov_Chevere.txt"
        format = z
        #datapoints = 200000
        residuals are weighted equally (unit weight)

function used for fitting: f(x)
	f(x) = a*exp(b*x) + c
fitted parameters initialized with current variable values

iter      chisq       delta/lim  lambda   a             b             c            
   0 1.7735693072e+06   0.00e+00  4.02e+00    1.000000e+00   1.000000e+00   1.000000e+00
  22 5.9895761676e+03  -2.99e-01  4.02e-03    2.192850e+00   4.702240e-01  -2.302246e+00

After 22 iterations the fit converged.
final sum of squares of residuals : 5989.58
rel. change during last iteration : -2.98861e-06

degrees of freedom    (FIT_NDF)                        : 199997
rms of residuals      (FIT_STDFIT) = sqrt(WSSR/ndf)    : 0.173056
variance of residuals (reduced chisquare) = WSSR/ndf   : 0.0299483

Final set of parameters            Asymptotic Standard Error
=======================            ==========================
a               = 2.19285          +/- 0.01114      (0.508%)
b               = 0.470224         +/- 0.001557     (0.3312%)
c               = -2.30225         +/- 0.01198      (0.5204%)

correlation matrix of the fit parameters:
                a      b      c      
a               1.000 
b              -0.997  1.000 
c              -0.999  0.992  1.000 


*******************************************************************************
Sun Nov 20 18:53:18 2016


FIT:    data read from "Lyapunov_Chevere.txt"
        format = z
        #datapoints = 200000
        residuals are weighted equally (unit weight)

function used for fitting: f(x) [2000:9999]
	f(x) = a*exp(b*x) + c
fitted parameters initialized with current variable values



*******************************************************************************
Sun Nov 20 18:54:06 2016


FIT:    data read from "Lyapunov_Chevere.txt"
        format = z
        x range restricted to [2000.00 : 9999.00]
BREAK: No data to fit

*******************************************************************************
Sun Nov 20 18:54:13 2016


FIT:    data read from "Lyapunov_Chevere.txt"
        format = z
        x range restricted to [2000.00 : 19999.0]
BREAK: No data to fit

*******************************************************************************
Sun Nov 20 18:54:28 2016


FIT:    data read from "Lyapunov_Chevere.txt"
        format = z
        x range restricted to [2000.00 : 19999.0]
BREAK: No data to fit

*******************************************************************************
Sun Nov 20 19:20:02 2016


FIT:    data read from "Lyapunov_Chevere.txt"
        format = z
        #datapoints = 200000
        residuals are weighted equally (unit weight)

function used for fitting: f(x) [500:19999]
	f(x) = a*exp(b*x) + c
fitted parameters initialized with current variable values



*******************************************************************************
Sun Nov 20 19:20:07 2016


FIT:    data read from "Lyapunov_Chevere.txt"
        format = z
        #datapoints = 200000
        residuals are weighted equally (unit weight)

function used for fitting: f(x) [0:19999]
	f(x) = a*exp(b*x) + c
fitted parameters initialized with current variable values



*******************************************************************************
Sun Nov 20 19:20:18 2016


FIT:    data read from "Lyapunov_Chevere.txt"
        format = z
        x range restricted to [500.000 : 19999.0]
BREAK: No data to fit

*******************************************************************************
Sun Nov 20 19:20:24 2016


FIT:    data read from "Lyapunov_Chevere.txt"
        format = z
        #datapoints = 200000
        residuals are weighted equally (unit weight)

function used for fitting: f(x)
	f(x) = a*exp(b*x) + c
fitted parameters initialized with current variable values

iter      chisq       delta/lim  lambda   a             b             c            
   0 1.7735693072e+06   0.00e+00  4.02e+00    1.000000e+00   1.000000e+00   1.000000e+00
  22 5.9895761676e+03  -2.99e-01  4.02e-03    2.192850e+00   4.702240e-01  -2.302246e+00

After 22 iterations the fit converged.
final sum of squares of residuals : 5989.58
rel. change during last iteration : -2.98861e-06

degrees of freedom    (FIT_NDF)                        : 199997
rms of residuals      (FIT_STDFIT) = sqrt(WSSR/ndf)    : 0.173056
variance of residuals (reduced chisquare) = WSSR/ndf   : 0.0299483

Final set of parameters            Asymptotic Standard Error
=======================            ==========================
a               = 2.19285          +/- 0.01114      (0.508%)
b               = 0.470224         +/- 0.001557     (0.3312%)
c               = -2.30225         +/- 0.01198      (0.5204%)

correlation matrix of the fit parameters:
                a      b      c      
a               1.000 
b              -0.997  1.000 
c              -0.999  0.992  1.000 


*******************************************************************************
Sun Nov 20 19:21:19 2016


FIT:    data read from "Lyapunov_Chevere.txt"
        format = z
        x range restricted to [500.000 : 19999.0]
BREAK: No data to fit

*******************************************************************************
Sun Nov 20 19:21:31 2016


FIT:    data read from "Lyapunov_Chevere.txt" [500:19999]
        format = z
        #datapoints = 200000
        residuals are weighted equally (unit weight)

function used for fitting: f(x)
	f(x) = a*exp(b*x) + c
fitted parameters initialized with current variable values

iter      chisq       delta/lim  lambda   a             b             c            
   0 5.9895761676e+03   0.00e+00  2.93e+00    2.192850e+00   4.702240e-01  -2.302246e+00
   1 5.9895761549e+03  -2.11e-04  2.93e-01    2.192987e+00   4.702048e-01  -2.302393e+00

After 1 iterations the fit converged.
final sum of squares of residuals : 5989.58
rel. change during last iteration : -2.11421e-09

degrees of freedom    (FIT_NDF)                        : 199997
rms of residuals      (FIT_STDFIT) = sqrt(WSSR/ndf)    : 0.173056
variance of residuals (reduced chisquare) = WSSR/ndf   : 0.0299483

Final set of parameters            Asymptotic Standard Error
=======================            ==========================
a               = 2.19299          +/- 0.01114      (0.508%)
b               = 0.470205         +/- 0.001557     (0.3312%)
c               = -2.30239         +/- 0.01198      (0.5204%)

correlation matrix of the fit parameters:
                a      b      c      
a               1.000 
b              -0.997  1.000 
c              -0.999  0.992  1.000 


*******************************************************************************
Sun Nov 20 19:23:00 2016


FIT:    data read from "Lyapunov_Chevere.txt"
        format = z
        #datapoints = 200000
        residuals are weighted equally (unit weight)

function used for fitting: f(x)
	f(x) = a*exp(b*x) + c
fitted parameters initialized with current variable values

iter      chisq       delta/lim  lambda   a             b             c            
   0 1.7735693072e+06   0.00e+00  4.02e+00    1.000000e+00   1.000000e+00   1.000000e+00
  22 5.9895761676e+03  -2.99e-01  4.02e-03    2.192850e+00   4.702240e-01  -2.302246e+00

After 22 iterations the fit converged.
final sum of squares of residuals : 5989.58
rel. change during last iteration : -2.98861e-06

degrees of freedom    (FIT_NDF)                        : 199997
rms of residuals      (FIT_STDFIT) = sqrt(WSSR/ndf)    : 0.173056
variance of residuals (reduced chisquare) = WSSR/ndf   : 0.0299483

Final set of parameters            Asymptotic Standard Error
=======================            ==========================
a               = 2.19285          +/- 0.01114      (0.508%)
b               = 0.470224         +/- 0.001557     (0.3312%)
c               = -2.30225         +/- 0.01198      (0.5204%)

correlation matrix of the fit parameters:
                a      b      c      
a               1.000 
b              -0.997  1.000 
c              -0.999  0.992  1.000 


*******************************************************************************
Sun Nov 20 19:28:52 2016


FIT:    data read from "Lyapunov_Chevere.txt"
        format = z
        #datapoints = 196722
        residuals are weighted equally (unit weight)

function used for fitting: f(x)
	f(x) = a*exp(b*x) + c
fitted parameters initialized with current variable values

iter      chisq       delta/lim  lambda   a             b             c            
   0 1.7602395808e+06   0.00e+00  4.05e+00    1.000000e+00   1.000000e+00   1.000000e+00
  26 5.9574514040e+03  -5.97e-01  4.05e-03    2.305844e+00   4.556957e-01  -2.427997e+00

After 26 iterations the fit converged.
final sum of squares of residuals : 5957.45
rel. change during last iteration : -5.96791e-06

degrees of freedom    (FIT_NDF)                        : 196719
rms of residuals      (FIT_STDFIT) = sqrt(WSSR/ndf)    : 0.174023
variance of residuals (reduced chisquare) = WSSR/ndf   : 0.0302841

Final set of parameters            Asymptotic Standard Error
=======================            ==========================
a               = 2.30584          +/- 0.01242      (0.5388%)
b               = 0.455696         +/- 0.001614     (0.3542%)
c               = -2.428           +/- 0.01334      (0.5496%)

correlation matrix of the fit parameters:
                a      b      c      
a               1.000 
b              -0.997  1.000 
c              -0.999  0.993  1.000 


*******************************************************************************
Sun Nov 20 19:30:12 2016


FIT:    data read from "Lyapunov_Chevere.txt"
        format = z
        x range restricted to [500.000 : 19999.0]
BREAK: No data to fit

*******************************************************************************
Sun Nov 20 19:30:18 2016


FIT:    data read from "Lyapunov_Chevere.txt"
        format = z
        #datapoints = 196722
        residuals are weighted equally (unit weight)

function used for fitting: f(x)
	f(x) = a*exp(b*x) + c
fitted parameters initialized with current variable values

iter      chisq       delta/lim  lambda   a             b             c            
   0 1.7602395808e+06   0.00e+00  4.05e+00    1.000000e+00   1.000000e+00   1.000000e+00
  26 5.9574514040e+03  -5.97e-01  4.05e-03    2.305844e+00   4.556957e-01  -2.427997e+00

After 26 iterations the fit converged.
final sum of squares of residuals : 5957.45
rel. change during last iteration : -5.96791e-06

degrees of freedom    (FIT_NDF)                        : 196719
rms of residuals      (FIT_STDFIT) = sqrt(WSSR/ndf)    : 0.174023
variance of residuals (reduced chisquare) = WSSR/ndf   : 0.0302841

Final set of parameters            Asymptotic Standard Error
=======================            ==========================
a               = 2.30584          +/- 0.01242      (0.5388%)
b               = 0.455696         +/- 0.001614     (0.3542%)
c               = -2.428           +/- 0.01334      (0.5496%)

correlation matrix of the fit parameters:
                a      b      c      
a               1.000 
b              -0.997  1.000 
c              -0.999  0.993  1.000 


*******************************************************************************
Sun Nov 20 19:32:49 2016


FIT:    data read from "Lyapunov_Chevere.txt"
        format = z
        #datapoints = 169412
        residuals are weighted equally (unit weight)

function used for fitting: f(x)
	f(x) = a*exp(b*x) + c
fitted parameters initialized with current variable values

iter      chisq       delta/lim  lambda   a             b             c            
   0 5.7408761255e+03   0.00e+00  3.16e+00    2.305844e+00   4.556957e-01  -2.427997e+00
  11 5.6516656902e+03  -1.32e-02  3.16e-03    1.640418e+00   5.569089e-01  -1.657586e+00

After 11 iterations the fit converged.
final sum of squares of residuals : 5651.67
rel. change during last iteration : -1.31997e-07

degrees of freedom    (FIT_NDF)                        : 169409
rms of residuals      (FIT_STDFIT) = sqrt(WSSR/ndf)    : 0.18265
variance of residuals (reduced chisquare) = WSSR/ndf   : 0.0333611

Final set of parameters            Asymptotic Standard Error
=======================            ==========================
a               = 1.64042          +/- 0.01188      (0.7245%)
b               = 0.556909         +/- 0.002365     (0.4247%)
c               = -1.65759         +/- 0.01365      (0.8237%)

correlation matrix of the fit parameters:
                a      b      c      
a               1.000 
b              -0.998  1.000 
c              -0.998  0.992  1.000 
